<?xml version="1.0" encoding="UTF-8"?>
<!-- Generated by org.testng.reporters.JUnitReportReporter -->
<testsuite skipped="0" hostname="MoulinaHazra" name="com.cucumber.RestAssured.RestAssuredSettingRootTest" tests="3" failures="0" timestamp="08 Mar 2019 08:34:21 GMT" time="9.167" errors="0">
  <testcase name="testWithoutRoot" time="0.788" classname="com.cucumber.RestAssured.RestAssuredSettingRootTest"/>
  <testcase name="testWithRoot" time="0.847" classname="com.cucumber.RestAssured.RestAssuredSettingRootTest"/>
  <testcase name="testDetachingRoot" time="7.532" classname="com.cucumber.RestAssured.RestAssuredSettingRootTest"/>
</testsuite> <!-- com.cucumber.RestAssured.RestAssuredSettingRootTest -->
