<?xml version="1.0" encoding="UTF-8"?>
<!-- Generated by org.testng.reporters.JUnitReportReporter -->
<testsuite skipped="0" hostname="MoulinaHazra" name="com.cucumber.RestAssured.RestAssuredReadResponsedifferentways" tests="1" failures="0" timestamp="05 Mar 2019 20:00:13 GMT" time="5.536" errors="0">
  <testcase name="testGetResponseAsString" time="5.536" classname="com.cucumber.RestAssured.RestAssuredReadResponsedifferentways"/>
</testsuite> <!-- com.cucumber.RestAssured.RestAssuredReadResponsedifferentways -->
