<?xml version="1.0" encoding="UTF-8"?>
<!-- Generated by org.testng.reporters.JUnitReportReporter -->
<testsuite skipped="0" hostname="MoulinaHazra" name="com.cucumber.RestAssured.RestAssuredJSonPathTest" tests="1" failures="0" timestamp="09 Mar 2019 10:03:13 GMT" time="13.213" errors="0">
  <testcase name="testJsonPath" time="13.213" classname="com.cucumber.RestAssured.RestAssuredJSonPathTest"/>
</testsuite> <!-- com.cucumber.RestAssured.RestAssuredJSonPathTest -->
