<?xml version="1.0" encoding="UTF-8"?>
<!-- Generated by org.testng.reporters.JUnitReportReporter -->
<testsuite skipped="0" hostname="MoulinaHazra" name="com.cucumber.RestAssured.RestAssuredGroovtTestFeatures" tests="1" failures="0" timestamp="09 Mar 2019 09:15:32 GMT" time="9.291" errors="0">
  <testcase name="getResponseAsListCondition" time="9.291" classname="com.cucumber.RestAssured.RestAssuredGroovtTestFeatures"/>
</testsuite> <!-- com.cucumber.RestAssured.RestAssuredGroovtTestFeatures -->
