<?xml version="1.0" encoding="UTF-8"?>
<!-- Generated by org.testng.reporters.JUnitReportReporter -->
<testsuite skipped="0" hostname="MoulinaHazra" name="com.cucumber.RestAssured.RestAssuredTest" tests="1" failures="0" timestamp="05 Mar 2019 19:25:08 GMT" time="6.995" errors="0">
  <testcase name="testXpath" time="6.995" classname="com.cucumber.RestAssured.RestAssuredTest"/>
</testsuite> <!-- com.cucumber.RestAssured.RestAssuredTest -->
