<?xml version="1.0" encoding="UTF-8"?>
<!-- Generated by org.testng.reporters.JUnitReportReporter -->
<testsuite skipped="0" hostname="DESKTOP-4MSLF9I" name="com.cucumber.RestAssured.RestAssuredReadResponsedifferentways" tests="1" failures="0" timestamp="06 Mar 2019 14:33:16 GMT" time="3.850" errors="0">
  <testcase name="testExtractResponse" time="3.850" classname="com.cucumber.RestAssured.RestAssuredReadResponsedifferentways"/>
</testsuite> <!-- com.cucumber.RestAssured.RestAssuredReadResponsedifferentways -->
