<?xml version="1.0" encoding="UTF-8"?>
<!-- Generated by org.testng.reporters.JUnitReportReporter -->
<testsuite skipped="0" hostname="MoulinaHazra" name="com.cucumber.RestAssured.RestAssuredTest" tests="2" failures="0" timestamp="05 Mar 2019 19:17:33 GMT" time="8.699" errors="0">
  <testcase name="testhasItemsFunctions" time="2.661" classname="com.cucumber.RestAssured.RestAssuredTest"/>
  <testcase name="statusCodetest" time="6.038" classname="com.cucumber.RestAssured.RestAssuredTest"/>
</testsuite> <!-- com.cucumber.RestAssured.RestAssuredTest -->
